#
# A fatal error has been detected by the Java Runtime Environment:
#
#  Internal Error (safepoint.cpp:919), pid=5733, tid=29187
#  fatal error: Illegal threadstate encountered: 4
#
# JRE version: Java(TM) SE Runtime Environment 18.9 (11.0.11+9) (build 11.0.11+9-LTS-194)
# Java VM: Java HotSpot(TM) 64-Bit Server VM 18.9 (11.0.11+9-LTS-194, mixed mode, tiered, compressed oops, g1 gc, bsd-amd64)
# No core dump will be written. Core dumps have been disabled. To enable core dumping, try "ulimit -c unlimited" before starting Java again
#
# If you would like to submit a bug report, please visit:
#   https://bugreport.java.com/bugreport/crash.jsp
# The crash happened outside the Java Virtual Machine in native code.
# See problematic frame for where to report the bug.
#

---------------  S U M M A R Y ------------

Command Line: --module-path=/Users/li/Documents/javafx-sdk-11/lib --add-modules=javafx.controls,javafx.fxml --add-modules=javafx.base,javafx.graphics --add-reads=javafx.base=ALL-UNNAMED --add-reads=javafx.graphics=ALL-UNNAMED -javaagent:/Applications/IntelliJ IDEA.app/Contents/lib/idea_rt.jar=52233:/Applications/IntelliJ IDEA.app/Contents/bin -Dfile.encoding=UTF-8 com.example.bank_system.Screen19Login

Host: MacBook10,1 x86_64 1200 MHz, 4 cores, 8G, Darwin 21.3.0
Time: Fri Apr 22 20:27:28 2022 EDT elapsed time: 3107.601258 seconds (0d 0h 51m 47s)

---------------  T H R E A D  ---------------

Current thread (0x00007fa4d293b800):  JavaThread "InvokeLaterDispatcher" daemon [_thread_in_native, id=29187, stack(0x00007000036e4000,0x00007000037e4000)]

Stack: [0x00007000036e4000,0x00007000037e4000],  sp=0x00007000037e22c0,  free space=1016k
Native frames: (J=compiled Java code, A=aot compiled Java code, j=interpreted, Vv=VM code, C=native code)
V  [libjvm.dylib+0x795d41]  _ZN7VMError14report_and_dieEiPKcS1_P13__va_list_tagP6ThreadPhPvS7_S1_im+0x625
V  [libjvm.dylib+0x7963b9]  _ZN7VMError14report_and_dieEP6ThreadPvPKciS4_S4_P13__va_list_tag+0x3f
V  [libjvm.dylib+0x261f05]  _Z12report_fatalPKciS0_z+0xb5
V  [libjvm.dylib+0x6b581c]  _ZN20SafepointSynchronize5blockEP10JavaThread+0x1ce
V  [libjvm.dylib+0x7454a0]  _ZN10JavaThread44check_safepoint_and_suspend_for_native_transEPS_+0xa8
V  [libjvm.dylib+0x3dac0a]  jni_DeleteGlobalRef+0x91
C  [libglass.dylib+0x8851]  -[GlassRunnable dealloc]+0x31
C  [Foundation+0x80eab]  -[_NSThreadPerformInfo dealloc]+0x2a
C  [Foundation+0x4dcd7]  -[NSObject(NSThreadPerformAdditions) performSelectorOnMainThread:withObject:waitUntilDone:]+0x7c
J 2900  com.sun.glass.ui.mac.MacApplication._submitForLaterInvocation(Ljava/lang/Runnable;)V javafx.graphics (0 bytes) @ 0x000000011b6b818f [0x000000011b6b80c0+0x00000000000000cf]
J 2899 c1 com.sun.glass.ui.mac.MacApplication.submitForLaterInvocation(Ljava/lang/Runnable;)V javafx.graphics (6 bytes) @ 0x000000011459a3b4 [0x000000011459a340+0x0000000000000074]
j  com.sun.glass.ui.InvokeLaterDispatcher.run()V+82 javafx.graphics
v  ~StubRoutines::call_stub
V  [libjvm.dylib+0x39bdbf]  _ZN9JavaCalls11call_helperEP9JavaValueRK12methodHandleP17JavaCallArgumentsP6Thread+0x21d
V  [libjvm.dylib+0x39b221]  _ZN9JavaCalls12call_virtualEP9JavaValueP5KlassP6SymbolS5_P17JavaCallArgumentsP6Thread+0xe9
V  [libjvm.dylib+0x39b2dc]  _ZN9JavaCalls12call_virtualEP9JavaValue6HandleP5KlassP6SymbolS6_P6Thread+0x62
V  [libjvm.dylib+0x423294]  _ZL12thread_entryP10JavaThreadP6Thread+0x78
V  [libjvm.dylib+0x743e9a]  _ZN10JavaThread17thread_main_innerEv+0x82
V  [libjvm.dylib+0x743ceb]  _ZN10JavaThread3runEv+0x173
V  [libjvm.dylib+0x741b32]  _ZN6Thread8call_runEv+0x68
V  [libjvm.dylib+0x646798]  _ZL19thread_native_entryP6Thread+0x136
C  [libsystem_pthread.dylib+0x64f4]  _pthread_start+0x7d
C  [libsystem_pthread.dylib+0x200f]  thread_start+0xf

Java frames: (J=compiled Java code, j=interpreted, Vv=VM code)
J 2900  com.sun.glass.ui.mac.MacApplication._submitForLaterInvocation(Ljava/lang/Runnable;)V javafx.graphics (0 bytes) @ 0x000000011b6b811c [0x000000011b6b80c0+0x000000000000005c]
J 2899 c1 com.sun.glass.ui.mac.MacApplication.submitForLaterInvocation(Ljava/lang/Runnable;)V javafx.graphics (6 bytes) @ 0x000000011459a3b4 [0x000000011459a340+0x0000000000000074]
j  com.sun.glass.ui.InvokeLaterDispatcher.run()V+82 javafx.graphics
v  ~StubRoutines::call_stub

---------------  P R O C E S S  ---------------

Threads class SMR info:
_java_thread_list=0x000060000236e800, length=19, elements={
0x00007fa4d2009800, 0x00007fa4d087d800, 0x00007fa4d1044800, 0x00007fa4d2823800,
0x00007fa4d2824800, 0x00007fa4d1038800, 0x00007fa4d1039800, 0x00007fa4d10bb800,
0x00007fa4d10f0800, 0x00007fa4d10f1000, 0x00007fa4d09e9000, 0x00007fa4d21ec000,
0x00007fa4d293b800, 0x00007fa4d0a02000, 0x00007fa4d0a23800, 0x00007fa4d111f800,
0x00007fa4d0b6e800, 0x00007fa4d12ee000, 0x00007fa4d5053000
}

Java Threads: ( => current thread )
  0x00007fa4d2009800 JavaThread "main" [_thread_blocked, id=9987, stack(0x000070000209f000,0x000070000219f000)]
  0x00007fa4d087d800 JavaThread "Reference Handler" daemon [_thread_blocked, id=18947, stack(0x00007000027b4000,0x00007000028b4000)]
  0x00007fa4d1044800 JavaThread "Finalizer" daemon [_thread_blocked, id=14595, stack(0x00007000028b7000,0x00007000029b7000)]
  0x00007fa4d2823800 JavaThread "Signal Dispatcher" daemon [_thread_blocked, id=16643, stack(0x0000700002ac0000,0x0000700002bc0000)]
  0x00007fa4d2824800 JavaThread "C2 CompilerThread0" daemon [_thread_blocked, id=21763, stack(0x0000700002bc3000,0x0000700002cc3000)]
  0x00007fa4d1038800 JavaThread "C1 CompilerThread0" daemon [_thread_blocked, id=22531, stack(0x0000700002cc6000,0x0000700002dc6000)]
  0x00007fa4d1039800 JavaThread "Sweeper thread" daemon [_thread_blocked, id=23043, stack(0x0000700002dc9000,0x0000700002ec9000)]
  0x00007fa4d10bb800 JavaThread "Common-Cleaner" daemon [_thread_blocked, id=42755, stack(0x0000700002ecc000,0x0000700002fcc000)]
  0x00007fa4d10f0800 JavaThread "Monitor Ctrl-Break" daemon [_thread_in_native, id=23811, stack(0x0000700002fcf000,0x00007000030cf000)]
  0x00007fa4d10f1000 JavaThread "Service Thread" daemon [_thread_blocked, id=42243, stack(0x00007000030d2000,0x00007000031d2000)]
  0x00007fa4d09e9000 JavaThread "QuantumRenderer-0" daemon [_thread_blocked, id=25347, stack(0x00007000032d8000,0x00007000033d8000)]
  0x00007fa4d21ec000 JavaThread "Attach Listener" daemon [_thread_blocked, id=37635, stack(0x00007000035e1000,0x00007000036e1000)]
=>0x00007fa4d293b800 JavaThread "InvokeLaterDispatcher" daemon [_thread_in_native, id=29187, stack(0x00007000036e4000,0x00007000037e4000)]
  0x00007fa4d0a02000 JavaThread "JavaFX Application Thread" [_thread_in_native, id=259, stack(0x00007ff7b7dec000,0x00007ff7b85ec000)]
  0x00007fa4d0a23800 JavaThread "Thread-2" daemon [_thread_in_native, id=83727, stack(0x00007000038ed000,0x000070000396d000)]
  0x00007fa4d111f800 JavaThread "JavaFX-Launcher" [_thread_blocked, id=53763, stack(0x0000700003a76000,0x0000700003b76000)]
  0x00007fa4d0b6e800 JavaThread "Prism Font Disposer" daemon [_thread_blocked, id=72735, stack(0x0000700003b79000,0x0000700003c79000)]
  0x00007fa4d12ee000 JavaThread "Cleaner-0" daemon [_thread_blocked, id=67087, stack(0x0000700003d7f000,0x0000700003e7f000)]
  0x00007fa4d5053000 JavaThread "mysql-cj-abandoned-connection-cleanup" daemon [_thread_blocked, id=66419, stack(0x0000700003e82000,0x0000700003f82000)]

Other Threads:
  0x00007fa4d103b000 VMThread "VM Thread" [stack: 0x00007000026b1000,0x00007000027b1000] [id=19203]
  0x00007fa4d0955800 WatcherThread [stack: 0x00007000031d5000,0x00007000032d5000] [id=24579]
  0x00007fa4d100c000 GCTaskThread "GC Thread#0" [stack: 0x00007000021a2000,0x00007000022a2000] [id=20995]
  0x00007fa4d21dc800 GCTaskThread "GC Thread#1" [stack: 0x00007000033db000,0x00007000034db000] [id=27139]
  0x00007fa4d21eb000 GCTaskThread "GC Thread#2" [stack: 0x00007000034de000,0x00007000035de000] [id=38147]
  0x00007fa4d1281000 GCTaskThread "GC Thread#3" [stack: 0x0000700003c7c000,0x0000700003d7c000] [id=72195]
  0x00007fa4d1030800 ConcurrentGCThread "G1 Main Marker" [stack: 0x00007000022a5000,0x00007000023a5000] [id=11523]
  0x00007fa4d1031800 ConcurrentGCThread "G1 Conc#0" [stack: 0x00007000023a8000,0x00007000024a8000] [id=20227]
  0x00007fa4d084f000 ConcurrentGCThread "G1 Refine#0" [stack: 0x00007000024ab000,0x00007000025ab000] [id=12291]
  0x00007fa4d084f800 ConcurrentGCThread "G1 Young RemSet Sampling" [stack: 0x00007000025ae000,0x00007000026ae000] [id=19715]

Threads with active compile tasks:

VM state:not at safepoint (normal execution)

VM Mutex/Monitor currently owned by a thread: None

Heap address: 0x0000000780000000, size: 2048 MB, Compressed Oops mode: Zero based, Oop shift amount: 3
Narrow klass base: 0x0000000800000000, Narrow klass shift: 0
Compressed class space size: 1073741824 Address: 0x0000000800000000

Heap:
 garbage-first heap   total 131072K, used 18025K [0x0000000780000000, 0x0000000800000000)
  region size 1024K, 5 young (5120K), 1 survivors (1024K)
 Metaspace       used 31892K, capacity 32788K, committed 33200K, reserved 1079296K
  class space    used 3832K, capacity 4195K, committed 4272K, reserved 1048576K
Heap Regions: E=young(eden), S=young(survivor), O=old, HS=humongous(starts), HC=humongous(continues), CS=collection set, F=free, A=archive, TAMS=top-at-mark-start (previous, next)
|   0|0x0000000780000000, 0x0000000780100000, 0x0000000780100000|100%| O|  |TAMS 0x000000078008fe00, 0x0000000780000000| Untracked 
|   1|0x0000000780100000, 0x0000000780200000, 0x0000000780200000|100%|HS|  |TAMS 0x0000000780100000, 0x0000000780100000| Complete 
|   2|0x0000000780200000, 0x0000000780300000, 0x0000000780300000|100%|HC|  |TAMS 0x0000000780200000, 0x0000000780200000| Complete 
|   3|0x0000000780300000, 0x0000000780400000, 0x0000000780400000|100%| O|  |TAMS 0x0000000780300000, 0x0000000780300000| Untracked 
|   4|0x0000000780400000, 0x0000000780500000, 0x0000000780500000|100%| O|  |TAMS 0x0000000780400000, 0x0000000780400000| Untracked 
|   5|0x0000000780500000, 0x0000000780600000, 0x0000000780600000|100%| O|  |TAMS 0x0000000780500000, 0x0000000780500000| Untracked 
|   6|0x0000000780600000, 0x0000000780700000, 0x0000000780700000|100%| O|  |TAMS 0x0000000780600000, 0x0000000780600000| Untracked 
|   7|0x0000000780700000, 0x0000000780800000, 0x0000000780800000|100%| O|  |TAMS 0x0000000780700000, 0x0000000780700000| Untracked 
|   8|0x0000000780800000, 0x0000000780900000, 0x0000000780900000|100%| O|  |TAMS 0x0000000780800000, 0x0000000780800000| Untracked 
|   9|0x0000000780900000, 0x0000000780a00000, 0x0000000780a00000|100%| O|  |TAMS 0x0000000780900000, 0x0000000780900000| Untracked 
|  10|0x0000000780a00000, 0x0000000780b00000, 0x0000000780b00000|100%| O|  |TAMS 0x0000000780a00000, 0x0000000780a00000| Untracked 
|  11|0x0000000780b00000, 0x0000000780c00000, 0x0000000780c00000|100%| O|  |TAMS 0x0000000780b00000, 0x0000000780b00000| Untracked 
|  12|0x0000000780c00000, 0x0000000780d00000, 0x0000000780d00000|100%| O|  |TAMS 0x0000000780c00000, 0x0000000780c00000| Untracked 
|  13|0x0000000780d00000, 0x0000000780de7a00, 0x0000000780e00000| 90%| O|  |TAMS 0x0000000780d00000, 0x0000000780d00000| Untracked 
|  14|0x0000000780e00000, 0x0000000780e00000, 0x0000000780f00000|  0%| F|  |TAMS 0x0000000780e00000, 0x0000000780e00000| Untracked 
|  15|0x0000000780f00000, 0x0000000780f00000, 0x0000000781000000|  0%| F|  |TAMS 0x0000000780f00000, 0x0000000780f00000| Untracked 
|  16|0x0000000781000000, 0x0000000781000000, 0x0000000781100000|  0%| F|  |TAMS 0x0000000781000000, 0x0000000781000000| Untracked 
|  17|0x0000000781100000, 0x0000000781100000, 0x0000000781200000|  0%| F|  |TAMS 0x0000000781100000, 0x0000000781100000| Untracked 
|  18|0x0000000781200000, 0x0000000781200000, 0x0000000781300000|  0%| F|  |TAMS 0x0000000781200000, 0x0000000781200000| Untracked 
|  19|0x0000000781300000, 0x0000000781300000, 0x0000000781400000|  0%| F|  |TAMS 0x0000000781300000, 0x0000000781300000| Untracked 
|  20|0x0000000781400000, 0x0000000781400000, 0x0000000781500000|  0%| F|  |TAMS 0x0000000781400000, 0x0000000781400000| Untracked 
|  21|0x0000000781500000, 0x0000000781500000, 0x0000000781600000|  0%| F|  |TAMS 0x0000000781500000, 0x0000000781500000| Untracked 
|  22|0x0000000781600000, 0x0000000781600000, 0x0000000781700000|  0%| F|  |TAMS 0x0000000781600000, 0x0000000781600000| Untracked 
|  23|0x0000000781700000, 0x0000000781700000, 0x0000000781800000|  0%| F|  |TAMS 0x0000000781700000, 0x0000000781700000| Untracked 
|  24|0x0000000781800000, 0x0000000781800000, 0x0000000781900000|  0%| F|  |TAMS 0x0000000781800000, 0x0000000781800000| Untracked 
|  25|0x0000000781900000, 0x0000000781900000, 0x0000000781a00000|  0%| F|  |TAMS 0x0000000781900000, 0x0000000781900000| Untracked 
|  26|0x0000000781a00000, 0x0000000781a00000, 0x0000000781b00000|  0%| F|  |TAMS 0x0000000781a00000, 0x0000000781a00000| Untracked 
|  27|0x0000000781b00000, 0x0000000781b00000, 0x0000000781c00000|  0%| F|  |TAMS 0x0000000781b00000, 0x0000000781b00000| Untracked 
|  28|0x0000000781c00000, 0x0000000781c00000, 0x0000000781d00000|  0%| F|  |TAMS 0x0000000781c00000, 0x0000000781c00000| Untracked 
|  29|0x0000000781d00000, 0x0000000781d00000, 0x0000000781e00000|  0%| F|  |TAMS 0x0000000781d00000, 0x0000000781d00000| Untracked 
|  30|0x0000000781e00000, 0x0000000781e00000, 0x0000000781f00000|  0%| F|  |TAMS 0x0000000781e00000, 0x0000000781e00000| Untracked 
|  31|0x0000000781f00000, 0x0000000781f00000, 0x0000000782000000|  0%| F|  |TAMS 0x0000000781f00000, 0x0000000781f00000| Untracked 
|  32|0x0000000782000000, 0x0000000782000000, 0x0000000782100000|  0%| F|  |TAMS 0x0000000782000000, 0x0000000782000000| Untracked 
|  33|0x0000000782100000, 0x0000000782100000, 0x0000000782200000|  0%| F|  |TAMS 0x0000000782100000, 0x0000000782100000| Untracked 
|  34|0x0000000782200000, 0x0000000782200000, 0x0000000782300000|  0%| F|  |TAMS 0x0000000782200000, 0x0000000782200000| Untracked 
|  35|0x0000000782300000, 0x0000000782300000, 0x0000000782400000|  0%| F|  |TAMS 0x0000000782300000, 0x0000000782300000| Untracked 
|  36|0x0000000782400000, 0x0000000782400000, 0x0000000782500000|  0%| F|  |TAMS 0x0000000782400000, 0x0000000782400000| Untracked 
|  37|0x0000000782500000, 0x0000000782500000, 0x0000000782600000|  0%| F|  |TAMS 0x0000000782500000, 0x0000000782500000| Untracked 
|  38|0x0000000782600000, 0x0000000782600000, 0x0000000782700000|  0%| F|  |TAMS 0x0000000782600000, 0x0000000782600000| Untracked 
|  39|0x0000000782700000, 0x0000000782700000, 0x0000000782800000|  0%| F|  |TAMS 0x0000000782700000, 0x0000000782700000| Untracked 
|  40|0x0000000782800000, 0x0000000782800000, 0x0000000782900000|  0%| F|  |TAMS 0x0000000782800000, 0x0000000782800000| Untracked 
|  41|0x0000000782900000, 0x0000000782900000, 0x0000000782a00000|  0%| F|  |TAMS 0x0000000782900000, 0x0000000782900000| Untracked 
|  42|0x0000000782a00000, 0x0000000782a00000, 0x0000000782b00000|  0%| F|  |TAMS 0x0000000782a00000, 0x0000000782a00000| Untracked 
|  43|0x0000000782b00000, 0x0000000782b00000, 0x0000000782c00000|  0%| F|  |TAMS 0x0000000782b00000, 0x0000000782b00000| Untracked 
|  44|0x0000000782c00000, 0x0000000782c00000, 0x0000000782d00000|  0%| F|  |TAMS 0x0000000782c00000, 0x0000000782c00000| Untracked 
|  45|0x0000000782d00000, 0x0000000782d00000, 0x0000000782e00000|  0%| F|  |TAMS 0x0000000782d00000, 0x0000000782d00000| Untracked 
|  46|0x0000000782e00000, 0x0000000782e00000, 0x0000000782f00000|  0%| F|  |TAMS 0x0000000782e00000, 0x0000000782e00000| Untracked 
|  47|0x0000000782f00000, 0x0000000782f00000, 0x0000000783000000|  0%| F|  |TAMS 0x0000000782f00000, 0x0000000782f00000| Untracked 
|  48|0x0000000783000000, 0x0000000783000000, 0x0000000783100000|  0%| F|  |TAMS 0x0000000783000000, 0x0000000783000000| Untracked 
|  49|0x0000000783100000, 0x0000000783100000, 0x0000000783200000|  0%| F|  |TAMS 0x0000000783100000, 0x0000000783100000| Untracked 
|  50|0x0000000783200000, 0x0000000783200000, 0x0000000783300000|  0%| F|  |TAMS 0x0000000783200000, 0x0000000783200000| Untracked 
|  51|0x0000000783300000, 0x0000000783300000, 0x0000000783400000|  0%| F|  |TAMS 0x0000000783300000, 0x0000000783300000| Untracked 
|  52|0x0000000783400000, 0x0000000783400000, 0x0000000783500000|  0%| F|  |TAMS 0x0000000783400000, 0x0000000783400000| Untracked 
|  53|0x0000000783500000, 0x0000000783500000, 0x0000000783600000|  0%| F|  |TAMS 0x0000000783500000, 0x0000000783500000| Untracked 
|  54|0x0000000783600000, 0x0000000783600000, 0x0000000783700000|  0%| F|  |TAMS 0x0000000783600000, 0x0000000783600000| Untracked 
|  55|0x0000000783700000, 0x0000000783700000, 0x0000000783800000|  0%| F|  |TAMS 0x0000000783700000, 0x0000000783700000| Untracked 
|  56|0x0000000783800000, 0x0000000783800000, 0x0000000783900000|  0%| F|  |TAMS 0x0000000783800000, 0x0000000783800000| Untracked 
|  57|0x0000000783900000, 0x0000000783900000, 0x0000000783a00000|  0%| F|  |TAMS 0x0000000783900000, 0x0000000783900000| Untracked 
|  58|0x0000000783a00000, 0x0000000783a00000, 0x0000000783b00000|  0%| F|  |TAMS 0x0000000783a00000, 0x0000000783a00000| Untracked 
|  59|0x0000000783b00000, 0x0000000783b00000, 0x0000000783c00000|  0%| F|  |TAMS 0x0000000783b00000, 0x0000000783b00000| Untracked 
|  60|0x0000000783c00000, 0x0000000783c00000, 0x0000000783d00000|  0%| F|  |TAMS 0x0000000783c00000, 0x0000000783c00000| Untracked 
|  61|0x0000000783d00000, 0x0000000783d00000, 0x0000000783e00000|  0%| F|  |TAMS 0x0000000783d00000, 0x0000000783d00000| Untracked 
|  62|0x0000000783e00000, 0x0000000783e00000, 0x0000000783f00000|  0%| F|  |TAMS 0x0000000783e00000, 0x0000000783e00000| Untracked 
|  63|0x0000000783f00000, 0x0000000783f00000, 0x0000000784000000|  0%| F|  |TAMS 0x0000000783f00000, 0x0000000783f00000| Untracked 
|  64|0x0000000784000000, 0x0000000784000000, 0x0000000784100000|  0%| F|  |TAMS 0x0000000784000000, 0x0000000784000000| Untracked 
|  65|0x0000000784100000, 0x0000000784100000, 0x0000000784200000|  0%| F|  |TAMS 0x0000000784100000, 0x0000000784100000| Untracked 
|  66|0x0000000784200000, 0x0000000784200000, 0x0000000784300000|  0%| F|  |TAMS 0x0000000784200000, 0x0000000784200000| Untracked 
|  67|0x0000000784300000, 0x0000000784300000, 0x0000000784400000|  0%| F|  |TAMS 0x0000000784300000, 0x0000000784300000| Untracked 
|  68|0x0000000784400000, 0x0000000784400000, 0x0000000784500000|  0%| F|  |TAMS 0x0000000784400000, 0x0000000784400000| Untracked 
|  69|0x0000000784500000, 0x0000000784500000, 0x0000000784600000|  0%| F|  |TAMS 0x0000000784500000, 0x0000000784500000| Untracked 
|  70|0x0000000784600000, 0x0000000784600000, 0x0000000784700000|  0%| F|  |TAMS 0x0000000784600000, 0x0000000784600000| Untracked 
|  71|0x0000000784700000, 0x0000000784700000, 0x0000000784800000|  0%| F|  |TAMS 0x0000000784700000, 0x0000000784700000| Untracked 
|  72|0x0000000784800000, 0x0000000784800000, 0x0000000784900000|  0%| F|  |TAMS 0x0000000784800000, 0x0000000784800000| Untracked 
|  73|0x0000000784900000, 0x0000000784900000, 0x0000000784a00000|  0%| F|  |TAMS 0x0000000784900000, 0x0000000784900000| Untracked 
|  74|0x0000000784a00000, 0x0000000784a00000, 0x0000000784b00000|  0%| F|  |TAMS 0x0000000784a00000, 0x0000000784a00000| Untracked 
|  75|0x0000000784b00000, 0x0000000784b00000, 0x0000000784c00000|  0%| F|  |TAMS 0x0000000784b00000, 0x0000000784b00000| Untracked 
|  76|0x0000000784c00000, 0x0000000784c00000, 0x0000000784d00000|  0%| F|  |TAMS 0x0000000784c00000, 0x0000000784c00000| Untracked 
|  77|0x0000000784d00000, 0x0000000784d00000, 0x0000000784e00000|  0%| F|  |TAMS 0x0000000784d00000, 0x0000000784d00000| Untracked 
|  78|0x0000000784e00000, 0x0000000784e00000, 0x0000000784f00000|  0%| F|  |TAMS 0x0000000784e00000, 0x0000000784e00000| Untracked 
|  79|0x0000000784f00000, 0x0000000784f00000, 0x0000000785000000|  0%| F|  |TAMS 0x0000000784f00000, 0x0000000784f00000| Untracked 
|  80|0x0000000785000000, 0x0000000785000000, 0x0000000785100000|  0%| F|  |TAMS 0x0000000785000000, 0x0000000785000000| Untracked 
|  81|0x0000000785100000, 0x00000007851b2d80, 0x0000000785200000| 69%| S|CS|TAMS 0x0000000785100000, 0x0000000785100000| Complete 
|  82|0x0000000785200000, 0x0000000785200000, 0x0000000785300000|  0%| F|  |TAMS 0x0000000785200000, 0x0000000785200000| Untracked 
|  83|0x0000000785300000, 0x0000000785300000, 0x0000000785400000|  0%| F|  |TAMS 0x0000000785300000, 0x0000000785300000| Untracked 
|  84|0x0000000785400000, 0x0000000785400000, 0x0000000785500000|  0%| F|  |TAMS 0x0000000785400000, 0x0000000785400000| Untracked 
|  85|0x0000000785500000, 0x0000000785500000, 0x0000000785600000|  0%| F|  |TAMS 0x0000000785500000, 0x0000000785500000| Untracked 
|  86|0x0000000785600000, 0x0000000785600000, 0x0000000785700000|  0%| F|  |TAMS 0x0000000785600000, 0x0000000785600000| Untracked 
|  87|0x0000000785700000, 0x0000000785700000, 0x0000000785800000|  0%| F|  |TAMS 0x0000000785700000, 0x0000000785700000| Untracked 
|  88|0x0000000785800000, 0x0000000785800000, 0x0000000785900000|  0%| F|  |TAMS 0x0000000785800000, 0x0000000785800000| Untracked 
|  89|0x0000000785900000, 0x0000000785900000, 0x0000000785a00000|  0%| F|  |TAMS 0x0000000785900000, 0x0000000785900000| Untracked 
|  90|0x0000000785a00000, 0x0000000785a00000, 0x0000000785b00000|  0%| F|  |TAMS 0x0000000785a00000, 0x0000000785a00000| Untracked 
|  91|0x0000000785b00000, 0x0000000785b00000, 0x0000000785c00000|  0%| F|  |TAMS 0x0000000785b00000, 0x0000000785b00000| Untracked 
|  92|0x0000000785c00000, 0x0000000785c00000, 0x0000000785d00000|  0%| F|  |TAMS 0x0000000785c00000, 0x0000000785c00000| Untracked 
|  93|0x0000000785d00000, 0x0000000785d00000, 0x0000000785e00000|  0%| F|  |TAMS 0x0000000785d00000, 0x0000000785d00000| Untracked 
|  94|0x0000000785e00000, 0x0000000785e00000, 0x0000000785f00000|  0%| F|  |TAMS 0x0000000785e00000, 0x0000000785e00000| Untracked 
|  95|0x0000000785f00000, 0x0000000785f00000, 0x0000000786000000|  0%| F|  |TAMS 0x0000000785f00000, 0x0000000785f00000| Untracked 
|  96|0x0000000786000000, 0x0000000786000000, 0x0000000786100000|  0%| F|  |TAMS 0x0000000786000000, 0x0000000786000000| Untracked 
|  97|0x0000000786100000, 0x0000000786100000, 0x0000000786200000|  0%| F|  |TAMS 0x0000000786100000, 0x0000000786100000| Untracked 
|  98|0x0000000786200000, 0x0000000786200000, 0x0000000786300000|  0%| F|  |TAMS 0x0000000786200000, 0x0000000786200000| Untracked 
|  99|0x0000000786300000, 0x0000000786300000, 0x0000000786400000|  0%| F|  |TAMS 0x0000000786300000, 0x0000000786300000| Untracked 
| 100|0x0000000786400000, 0x0000000786400000, 0x0000000786500000|  0%| F|  |TAMS 0x0000000786400000, 0x0000000786400000| Untracked 
| 101|0x0000000786500000, 0x0000000786500000, 0x0000000786600000|  0%| F|  |TAMS 0x0000000786500000, 0x0000000786500000| Untracked 
| 102|0x0000000786600000, 0x0000000786600000, 0x0000000786700000|  0%| F|  |TAMS 0x0000000786600000, 0x0000000786600000| Untracked 
| 103|0x0000000786700000, 0x0000000786700000, 0x0000000786800000|  0%| F|  |TAMS 0x0000000786700000, 0x0000000786700000| Untracked 
| 104|0x0000000786800000, 0x0000000786800000, 0x0000000786900000|  0%| F|  |TAMS 0x0000000786800000, 0x0000000786800000| Untracked 
| 105|0x0000000786900000, 0x0000000786900000, 0x0000000786a00000|  0%| F|  |TAMS 0x0000000786900000, 0x0000000786900000| Untracked 
| 106|0x0000000786a00000, 0x0000000786a00000, 0x0000000786b00000|  0%| F|  |TAMS 0x0000000786a00000, 0x0000000786a00000| Untracked 
| 107|0x0000000786b00000, 0x0000000786b00000, 0x0000000786c00000|  0%| F|  |TAMS 0x0000000786b00000, 0x0000000786b00000| Untracked 
| 108|0x0000000786c00000, 0x0000000786c00000, 0x0000000786d00000|  0%| F|  |TAMS 0x0000000786c00000, 0x0000000786c00000| Untracked 
| 109|0x0000000786d00000, 0x0000000786d00000, 0x0000000786e00000|  0%| F|  |TAMS 0x0000000786d00000, 0x0000000786d00000| Untracked 
| 110|0x0000000786e00000, 0x0000000786e00000, 0x0000000786f00000|  0%| F|  |TAMS 0x0000000786e00000, 0x0000000786e00000| Untracked 
| 111|0x0000000786f00000, 0x0000000786f00000, 0x0000000787000000|  0%| F|  |TAMS 0x0000000786f00000, 0x0000000786f00000| Untracked 
| 112|0x0000000787000000, 0x0000000787000000, 0x0000000787100000|  0%| F|  |TAMS 0x0000000787000000, 0x0000000787000000| Untracked 
| 113|0x0000000787100000, 0x0000000787100000, 0x0000000787200000|  0%| F|  |TAMS 0x0000000787100000, 0x0000000787100000| Untracked 
| 114|0x0000000787200000, 0x0000000787200000, 0x0000000787300000|  0%| F|  |TAMS 0x0000000787200000, 0x0000000787200000| Untracked 
| 115|0x0000000787300000, 0x0000000787300000, 0x0000000787400000|  0%| F|  |TAMS 0x0000000787300000, 0x0000000787300000| Untracked 
| 116|0x0000000787400000, 0x0000000787400000, 0x0000000787500000|  0%| F|  |TAMS 0x0000000787400000, 0x0000000787400000| Untracked 
| 117|0x0000000787500000, 0x0000000787500000, 0x0000000787600000|  0%| F|  |TAMS 0x0000000787500000, 0x0000000787500000| Untracked 
| 118|0x0000000787600000, 0x0000000787600000, 0x0000000787700000|  0%| F|  |TAMS 0x0000000787600000, 0x0000000787600000| Untracked 
| 119|0x0000000787700000, 0x0000000787700000, 0x0000000787800000|  0%| F|  |TAMS 0x0000000787700000, 0x0000000787700000| Untracked 
| 120|0x0000000787800000, 0x0000000787800000, 0x0000000787900000|  0%| F|  |TAMS 0x0000000787800000, 0x0000000787800000| Untracked 
| 121|0x0000000787900000, 0x0000000787900000, 0x0000000787a00000|  0%| F|  |TAMS 0x0000000787900000, 0x0000000787900000| Untracked 
| 122|0x0000000787a00000, 0x0000000787a00000, 0x0000000787b00000|  0%| F|  |TAMS 0x0000000787a00000, 0x0000000787a00000| Untracked 
| 123|0x0000000787b00000, 0x0000000787b00000, 0x0000000787c00000|  0%| F|  |TAMS 0x0000000787b00000, 0x0000000787b00000| Untracked 
| 124|0x0000000787c00000, 0x0000000787d00000, 0x0000000787d00000|100%| E|  |TAMS 0x0000000787c00000, 0x0000000787c00000| Complete 
| 125|0x0000000787d00000, 0x0000000787e00000, 0x0000000787e00000|100%| E|CS|TAMS 0x0000000787d00000, 0x0000000787d00000| Complete 
| 126|0x0000000787e00000, 0x0000000787f00000, 0x0000000787f00000|100%| E|CS|TAMS 0x0000000787e00000, 0x0000000787e00000| Complete 
| 127|0x0000000787f00000, 0x0000000788000000, 0x0000000788000000|100%| E|CS|TAMS 0x0000000787f00000, 0x0000000787f00000| Complete 

Card table byte_map: [0x00000001080ed000,0x00000001084ed000] _byte_map_base: 0x00000001044ed000

Marking Bits (Prev, Next): (CMBitMap*) 0x00007fa4d1027e50, (CMBitMap*) 0x00007fa4d1027e18
 Prev Bits: [0x0000000124adb000, 0x0000000126adb000)
 Next Bits: [0x0000000122adb000, 0x0000000124adb000)

Polling page: 0x0000000107a53000

Metaspace:

Usage:
  Non-class:     27.92 MB capacity,    27.40 MB ( 98%) used,   426.94 KB (  1%) free+waste,   106.31 KB ( <1%) overhead. 
      Class:      4.10 MB capacity,     3.74 MB ( 91%) used,   311.25 KB (  7%) free+waste,    51.44 KB (  1%) overhead. 
       Both:     32.02 MB capacity,    31.14 MB ( 97%) used,   738.19 KB (  2%) free+waste,   157.75 KB ( <1%) overhead. 

Virtual space:
  Non-class space:       30.00 MB reserved,      28.25 MB ( 94%) committed 
      Class space:        1.00 GB reserved,       4.17 MB ( <1%) committed 
             Both:        1.03 GB reserved,      32.42 MB (  3%) committed 

Chunk freelists:
   Non-Class:  17.88 KB
       Class:  3.62 KB
        Both:  21.50 KB

CodeHeap 'non-profiled nmethods': size=120032Kb used=1329Kb max_used=1329Kb free=118702Kb
 bounds [0x000000011b5a3000, 0x000000011b813000, 0x0000000122adb000]
CodeHeap 'profiled nmethods': size=120032Kb used=7225Kb max_used=7225Kb free=112807Kb
 bounds [0x000000011406b000, 0x000000011477b000, 0x000000011b5a3000]
CodeHeap 'non-nmethods': size=5696Kb used=1369Kb max_used=1396Kb free=4326Kb
 bounds [0x0000000113adb000, 0x0000000113d4b000, 0x000000011406b000]
 total_blobs=4571 nmethods=3735 adapters=747
 compilation: enabled
              stopped_count=0, restarted_count=0
 full_count=0

Compilation events (10 events):
Event: 3105.928 Thread 0x00007fa4d2824800 3737       4       java.util.WeakHashMap$Entry::getKey (8 bytes)
Event: 3105.930 Thread 0x00007fa4d2824800 nmethod 3737 0x000000011b6ed810 code [0x000000011b6ed9a0, 0x000000011b6eda58]
Event: 3107.238 Thread 0x00007fa4d2824800 3738       4       java.util.WeakHashMap::put (162 bytes)
Event: 3107.277 Thread 0x00007fa4d2824800 nmethod 3738 0x000000011b6edb10 code [0x000000011b6edce0, 0x000000011b6ee768]
Event: 3107.277 Thread 0x00007fa4d2824800 3739       4       com.sun.javafx.geom.transform.Identity::getDegree (4 bytes)
Event: 3107.278 Thread 0x00007fa4d2824800 nmethod 3739 0x000000011b6eea90 code [0x000000011b6eec20, 0x000000011b6eec98]
Event: 3107.589 Thread 0x00007fa4d1038800 3741       3       com.sun.javafx.sg.prism.NGNode::invalidateOpaqueRegion (20 bytes)
Event: 3107.589 Thread 0x00007fa4d1038800 nmethod 3741 0x0000000114777a90 code [0x0000000114777c40, 0x0000000114777e60]
Event: 3107.589 Thread 0x00007fa4d1038800 3740       1       javafx.scene.text.Text::access$1400 (5 bytes)
Event: 3107.589 Thread 0x00007fa4d1038800 nmethod 3740 0x000000011b6eed10 code [0x000000011b6eeea0, 0x000000011b6eef30]

GC Heap History (8 events):
Event: 1.081 GC heap before
{Heap before GC invocations=0 (full 0):
 garbage-first heap   total 131072K, used 14336K [0x0000000780000000, 0x0000000800000000)
  region size 1024K, 14 young (14336K), 0 survivors (0K)
 Metaspace       used 9018K, capacity 9286K, committed 9472K, reserved 1058816K
  class space    used 897K, capacity 993K, committed 1024K, reserved 1048576K
}
Event: 1.086 GC heap after
{Heap after GC invocations=1 (full 0):
 garbage-first heap   total 131072K, used 2623K [0x0000000780000000, 0x0000000800000000)
  region size 1024K, 2 young (2048K), 2 survivors (2048K)
 Metaspace       used 9018K, capacity 9286K, committed 9472K, reserved 1058816K
  class space    used 897K, capacity 993K, committed 1024K, reserved 1048576K
}
Event: 2.888 GC heap before
{Heap before GC invocations=1 (full 0):
 garbage-first heap   total 131072K, used 36415K [0x0000000780000000, 0x0000000800000000)
  region size 1024K, 37 young (37888K), 2 survivors (2048K)
 Metaspace       used 20648K, capacity 21248K, committed 21296K, reserved 1067008K
  class space    used 2540K, capacity 2817K, committed 2864K, reserved 1048576K
}
Event: 2.914 GC heap after
{Heap after GC invocations=2 (full 0):
 garbage-first heap   total 131072K, used 7432K [0x0000000780000000, 0x0000000800000000)
  region size 1024K, 7 young (7168K), 7 survivors (7168K)
 Metaspace       used 20648K, capacity 21248K, committed 21296K, reserved 1067008K
  class space    used 2540K, capacity 2817K, committed 2864K, reserved 1048576K
}
Event: 360.476 GC heap before
{Heap before GC invocations=3 (full 0):
 garbage-first heap   total 131072K, used 42248K [0x0000000780000000, 0x0000000800000000)
  region size 1024K, 40 young (40960K), 7 survivors (7168K)
 Metaspace       used 31020K, capacity 31878K, committed 32176K, reserved 1077248K
  class space    used 3830K, capacity 4195K, committed 4272K, reserved 1048576K
}
Event: 360.504 GC heap after
{Heap after GC invocations=4 (full 0):
 garbage-first heap   total 131072K, used 14272K [0x0000000780000000, 0x0000000800000000)
  region size 1024K, 5 young (5120K), 5 survivors (5120K)
 Metaspace       used 31020K, capacity 31878K, committed 32176K, reserved 1077248K
  class space    used 3830K, capacity 4195K, committed 4272K, reserved 1048576K
}
Event: 3096.533 GC heap before
{Heap before GC invocations=4 (full 0):
 garbage-first heap   total 131072K, used 56256K [0x0000000780000000, 0x0000000800000000)
  region size 1024K, 46 young (47104K), 5 survivors (5120K)
 Metaspace       used 31681K, capacity 32532K, committed 32944K, reserved 1077248K
  class space    used 3832K, capacity 4195K, committed 4272K, reserved 1048576K
}
Event: 3096.547 GC heap after
{Heap after GC invocations=5 (full 0):
 garbage-first heap   total 131072K, used 14953K [0x0000000780000000, 0x0000000800000000)
  region size 1024K, 1 young (1024K), 1 survivors (1024K)
 Metaspace       used 31681K, capacity 32532K, committed 32944K, reserved 1077248K
  class space    used 3832K, capacity 4195K, committed 4272K, reserved 1048576K
}

Deoptimization events (10 events):
Event: 13.782 Thread 0x00007fa4d0a02000 Uncommon trap: reason=bimorphic_or_optimized_type_check action=maybe_recompile pc=0x000000011b64918c method=java.util.HashMap.putVal(ILjava/lang/Object;Ljava/lang/Object;ZZ)Ljava/lang/Object; @ 203 c2
Event: 13.787 Thread 0x00007fa4d0a02000 Uncommon trap: reason=bimorphic_or_optimized_type_check action=maybe_recompile pc=0x000000011b64918c method=java.util.HashMap.putVal(ILjava/lang/Object;Ljava/lang/Object;ZZ)Ljava/lang/Object; @ 203 c2
Event: 13.853 Thread 0x00007fa4d0a02000 Uncommon trap: reason=unstable_if action=reinterpret pc=0x000000011b5f3720 method=java.lang.StringUTF16.compress([CI[BII)I @ 20 c2
Event: 13.854 Thread 0x00007fa4d0a02000 Uncommon trap: reason=bimorphic_or_optimized_type_check action=maybe_recompile pc=0x000000011b678224 method=java.util.regex.Pattern$BmpCharProperty.match(Ljava/util/regex/Matcher;ILjava/lang/CharSequence;)Z @ 36 c2
Event: 13.867 Thread 0x00007fa4d0a02000 Uncommon trap: reason=bimorphic_or_optimized_type_check action=maybe_recompile pc=0x000000011b678224 method=java.util.regex.Pattern$BmpCharProperty.match(Ljava/util/regex/Matcher;ILjava/lang/CharSequence;)Z @ 36 c2
Event: 14.230 Thread 0x00007fa4d0a02000 Uncommon trap: reason=class_check action=maybe_recompile pc=0x000000011b67fa8c method=java.util.HashMap.putVal(ILjava/lang/Object;Ljava/lang/Object;ZZ)Ljava/lang/Object; @ 253 c2
Event: 14.230 Thread 0x00007fa4d0a02000 Uncommon trap: reason=class_check action=maybe_recompile pc=0x000000011b67fa8c method=java.util.HashMap.putVal(ILjava/lang/Object;Ljava/lang/Object;ZZ)Ljava/lang/Object; @ 253 c2
Event: 3096.517 Thread 0x00007fa4d0a02000 Uncommon trap: reason=unstable_if action=reinterpret pc=0x000000011b6767e8 method=java.lang.CharacterDataLatin1.digit(II)I @ 12 c2
Event: 3096.577 Thread 0x00007fa4d0a02000 Uncommon trap: reason=class_check action=maybe_recompile pc=0x000000011b67fa8c method=java.util.HashMap.putVal(ILjava/lang/Object;Ljava/lang/Object;ZZ)Ljava/lang/Object; @ 253 c2
Event: 3096.578 Thread 0x00007fa4d0a02000 Uncommon trap: reason=class_check action=maybe_recompile pc=0x000000011b67fa8c method=java.util.HashMap.putVal(ILjava/lang/Object;Ljava/lang/Object;ZZ)Ljava/lang/Object; @ 253 c2

Classes redefined (0 events):
No events

Internal exceptions (10 events):
Event: 12.013 Thread 0x00007fa4d0a02000 Exception <a 'java/lang/NoSuchMethodError'{0x00000007875dc860}: java.lang.invoke.DirectMethodHandle$Holder.invokeStatic(Ljava/lang/Object;Ljava/lang/Object;IIIIILjava/lang/Object;)Ljava/lang/Object;> (0x00000007875dc860) thrown at [./open/src/hotspot/shar
Event: 12.015 Thread 0x00007fa4d0a02000 Exception <a 'java/lang/NoSuchMethodError'{0x00000007875ed210}: java.lang.invoke.DirectMethodHandle$Holder.invokeStatic(Ljava/lang/Object;Ljava/lang/Object;Ljava/lang/Object;IIIII)Ljava/lang/Object;> (0x00000007875ed210) thrown at [./open/src/hotspot/shar
Event: 12.015 Thread 0x00007fa4d0a02000 Exception <a 'java/lang/NoSuchMethodError'{0x00000007875f3a70}: java.lang.invoke.Invokers$Holder.linkToTargetMethod(Ljava/lang/Object;Ljava/lang/Object;IIIIILjava/lang/Object;)Ljava/lang/Object;> (0x00000007875f3a70) thrown at [./open/src/hotspot/share/in
Event: 13.413 Thread 0x00007fa4d0a02000 Exception <a 'java/lang/NoSuchMethodError'{0x00000007872a0e50}: java.lang.invoke.DirectMethodHandle$Holder.invokeVirtual(Ljava/lang/Object;Ljava/lang/Object;Ljava/lang/Object;)Ljava/lang/Object;> (0x00000007872a0e50) thrown at [./open/src/hotspot/share/in
Event: 13.874 Thread 0x00007fa4d0a02000 Exception <a 'java/lang/NoSuchMethodError'{0x0000000786b9ba68}: java.lang.invoke.DirectMethodHandle$Holder.invokeStaticInit(Ljava/lang/Object;Ljava/lang/Object;Ljava/lang/Object;Ljava/lang/Object;)I> (0x0000000786b9ba68) thrown at [./open/src/hotspot/shar
Event: 13.875 Thread 0x00007fa4d0a02000 Exception <a 'java/lang/IncompatibleClassChangeError'{0x0000000786ba4de8}: Found class java.lang.Object, but interface was expected> (0x0000000786ba4de8) thrown at [./open/src/hotspot/share/interpreter/linkResolver.cpp, line 838]
Event: 14.276 Thread 0x00007fa4d0a02000 Exception <a 'java/net/SocketException'{0x0000000786559e80}> (0x0000000786559e80) thrown at [./open/src/hotspot/share/prims/jni.cpp, line 611]
Event: 14.287 Thread 0x00007fa4d0a02000 Exception <a 'java/lang/NullPointerException'{0x00000007865a1170}> (0x00000007865a1170) thrown at [./open/src/hotspot/share/interpreter/linkResolver.cpp, line 1436]
Event: 3096.582 Thread 0x00007fa4d0a02000 Exception <a 'java/net/SocketException'{0x0000000787ea16e0}> (0x0000000787ea16e0) thrown at [./open/src/hotspot/share/prims/jni.cpp, line 611]
Event: 3096.585 Thread 0x00007fa4d0a02000 Exception <a 'java/lang/NullPointerException'{0x0000000787eb83c8}> (0x0000000787eb83c8) thrown at [./open/src/hotspot/share/interpreter/linkResolver.cpp, line 1436]

Events (10 events):
Event: 3096.567 Thread 0x00007fa4d0a02000 DEOPT PACKING pc=0x0000000114528f25 sp=0x00007ff7b85e3850
Event: 3096.567 Thread 0x00007fa4d0a02000 DEOPT UNPACKING pc=0x0000000113b010ca sp=0x00007ff7b85e2cb0 mode 0
Event: 3096.577 Thread 0x00007fa4d0a02000 Uncommon trap: trap_request=0xffffffde fr.pc=0x000000011b67fa8c relative=0x0000000000000fec
Event: 3096.577 Thread 0x00007fa4d0a02000 DEOPT PACKING pc=0x000000011b67fa8c sp=0x00007ff7b85e3b20
Event: 3096.577 Thread 0x00007fa4d0a02000 DEOPT UNPACKING pc=0x0000000113b00925 sp=0x00007ff7b85e3ac0 mode 2
Event: 3096.578 Thread 0x00007fa4d0a02000 Uncommon trap: trap_request=0xffffffde fr.pc=0x000000011b67fa8c relative=0x0000000000000fec
Event: 3096.578 Thread 0x00007fa4d0a02000 DEOPT PACKING pc=0x000000011b67fa8c sp=0x00007ff7b85e3b20
Event: 3096.578 Thread 0x00007fa4d0a02000 DEOPT UNPACKING pc=0x0000000113b00925 sp=0x00007ff7b85e3ac0 mode 2
Event: 3096.586 Thread 0x00007fa4d0a02000 DEOPT PACKING pc=0x0000000114158db9 sp=0x00007ff7b85e4710
Event: 3096.586 Thread 0x00007fa4d0a02000 DEOPT UNPACKING pc=0x0000000113b010ca sp=0x00007ff7b85e3bd0 mode 0


Dynamic libraries:
0x0000000107a34000 	/Library/Java/JavaVirtualMachines/jdk-11.0.11.jdk/Contents/Home/lib/jli/libjli.dylib
0x00007ff820d99000 	/System/Library/Frameworks/Cocoa.framework/Versions/A/Cocoa
0x00007ff80cc0a000 	/System/Library/Frameworks/AppKit.framework/Versions/C/AppKit
0x00007ff810106000 	/System/Library/Frameworks/CoreData.framework/Versions/A/CoreData
0x00007ff80b021000 	/System/Library/Frameworks/Foundation.framework/Versions/C/Foundation
0x00007ff814ece000 	/usr/lib/libSystem.B.dylib
0x00007ff80da9c000 	/System/Library/PrivateFrameworks/UIFoundation.framework/Versions/A/UIFoundation
0x00007ff81ad45000 	/System/Library/PrivateFrameworks/RemoteViewServices.framework/Versions/A/RemoteViewServices
0x00007ff813130000 	/System/Library/PrivateFrameworks/XCTTargetBootstrap.framework/Versions/A/XCTTargetBootstrap
0x00007ff816cde000 	/System/Library/PrivateFrameworks/InternationalSupport.framework/Versions/A/InternationalSupport
0x00007ff816d68000 	/System/Library/PrivateFrameworks/UserActivity.framework/Versions/A/UserActivity
0x00007ff8160be000 	/usr/lib/libspindump.dylib
0x00007ff80dd2a000 	/System/Library/Frameworks/UniformTypeIdentifiers.framework/Versions/A/UniformTypeIdentifiers
0x00007ff811869000 	/usr/lib/libapp_launch_measurement.dylib
0x00007ff810ad2000 	/System/Library/PrivateFrameworks/CoreAnalytics.framework/Versions/A/CoreAnalytics
0x00007ff81186c000 	/System/Library/PrivateFrameworks/CoreAutoLayout.framework/Versions/A/CoreAutoLayout
0x00007ff812a8c000 	/System/Library/Frameworks/Metal.framework/Versions/A/Metal
0x00007ff8137a6000 	/usr/lib/liblangid.dylib
0x00007ff813134000 	/System/Library/PrivateFrameworks/CoreSVG.framework/Versions/A/CoreSVG
0x00007ff80f0f1000 	/System/Library/PrivateFrameworks/SkyLight.framework/Versions/A/SkyLight
0x00007ff80f487000 	/System/Library/Frameworks/CoreGraphics.framework/Versions/A/CoreGraphics
0x00007ff81b3b4000 	/System/Library/Frameworks/Accelerate.framework/Versions/A/Accelerate
0x00007ff815b39000 	/System/Library/PrivateFrameworks/IconServices.framework/Versions/A/IconServices
0x00007ff812a71000 	/System/Library/Frameworks/IOSurface.framework/Versions/A/IOSurface
0x00007ff810b00000 	/usr/lib/libDiagnosticMessagesClient.dylib
0x00007ff814dee000 	/usr/lib/libz.1.dylib
0x00007ff81ea25000 	/System/Library/Frameworks/ApplicationServices.framework/Versions/A/ApplicationServices
0x00007ff81311c000 	/System/Library/PrivateFrameworks/DFRFoundation.framework/Versions/A/DFRFoundation
0x00007ff80c4fb000 	/usr/lib/libicucore.A.dylib
0x00007ff817a03000 	/System/Library/Frameworks/AudioToolbox.framework/Versions/A/AudioToolbox
0x00007ff816cea000 	/System/Library/PrivateFrameworks/DataDetectorsCore.framework/Versions/A/DataDetectorsCore
0x00007ff912642000 	/System/Library/PrivateFrameworks/TextInput.framework/Versions/A/TextInput
0x00007ff80f075000 	/usr/lib/libMobileGestalt.dylib
0x00007ff812e24000 	/System/Library/Frameworks/Carbon.framework/Versions/A/Frameworks/HIToolbox.framework/Versions/A/HIToolbox
0x00007ff811296000 	/System/Library/Frameworks/QuartzCore.framework/Versions/A/QuartzCore
0x00007ff80c19b000 	/System/Library/Frameworks/Security.framework/Versions/A/Security
0x00007ff81ad7d000 	/System/Library/Frameworks/Carbon.framework/Versions/A/Frameworks/SpeechRecognition.framework/Versions/A/SpeechRecognition
0x00007ff8115c9000 	/System/Library/PrivateFrameworks/CoreUI.framework/Versions/A/CoreUI
0x00007ff80ba73000 	/System/Library/Frameworks/CoreAudio.framework/Versions/A/CoreAudio
0x00007ff810bee000 	/System/Library/Frameworks/DiskArbitration.framework/Versions/A/DiskArbitration
0x00007ff8164a5000 	/System/Library/PrivateFrameworks/MultitouchSupport.framework/Versions/A/MultitouchSupport
0x00007ff80f074000 	/usr/lib/libenergytrace.dylib
0x00007ff80caf6000 	/System/Library/Frameworks/IOKit.framework/Versions/A/IOKit
0x00007ff81b169000 	/System/Library/Frameworks/CoreServices.framework/Versions/A/CoreServices
0x00007ff811803000 	/System/Library/PrivateFrameworks/PerformanceAnalysis.framework/Versions/A/PerformanceAnalysis
0x00007ffa21e12000 	/System/Library/Frameworks/OpenGL.framework/Versions/A/OpenGL
0x00007ff81441b000 	/System/Library/PrivateFrameworks/MobileKeyBag.framework/Versions/A/MobileKeyBag
0x00007ff809fe2000 	/usr/lib/libobjc.A.dylib
0x00007ff80fb53000 	/System/Library/Frameworks/ColorSync.framework/Versions/A/ColorSync
0x00007ff80a19b000 	/System/Library/Frameworks/CoreFoundation.framework/Versions/A/CoreFoundation
0x00007ff8133ad000 	/System/Library/Frameworks/CoreImage.framework/Versions/A/CoreImage
0x00007ff80b889000 	/System/Library/Frameworks/CoreText.framework/Versions/A/CoreText
0x00007ff813163000 	/System/Library/Frameworks/ImageIO.framework/Versions/A/ImageIO
0x00007ff814ed4000 	/System/Library/PrivateFrameworks/SoftLinking.framework/Versions/A/SoftLinking
0x00007ff8118b4000 	/usr/lib/libxml2.2.dylib
0x00007ff80a0a8000 	/usr/lib/libc++.1.dylib
0x00007ff815158000 	/usr/lib/libcompression.dylib
0x00007ff816c14000 	/System/Library/PrivateFrameworks/TextureIO.framework/Versions/A/TextureIO
0x00007ff81584b000 	/usr/lib/libate.dylib
0x00007ff814ec9000 	/usr/lib/system/libcache.dylib
0x00007ff814e85000 	/usr/lib/system/libcommonCrypto.dylib
0x00007ff814eae000 	/usr/lib/system/libcompiler_rt.dylib
0x00007ff814ea4000 	/usr/lib/system/libcopyfile.dylib
0x00007ff809edc000 	/usr/lib/system/libcorecrypto.dylib
0x00007ff809f9b000 	/usr/lib/system/libdispatch.dylib
0x00007ff80a15a000 	/usr/lib/system/libdyld.dylib
0x00007ff814ec0000 	/usr/lib/system/libkeymgr.dylib
0x00007ff814e63000 	/usr/lib/system/libmacho.dylib
0x00007ff8144ef000 	/usr/lib/system/libquarantine.dylib
0x00007ff814ebe000 	/usr/lib/system/libremovefile.dylib
0x00007ff80f0c1000 	/usr/lib/system/libsystem_asl.dylib
0x00007ff809e8a000 	/usr/lib/system/libsystem_blocks.dylib
0x00007ff80a01f000 	/usr/lib/system/libsystem_c.dylib
0x00007ff814eb6000 	/usr/lib/system/libsystem_collections.dylib
0x00007ff813797000 	/usr/lib/system/libsystem_configuration.dylib
0x00007ff812a54000 	/usr/lib/system/libsystem_containermanager.dylib
0x00007ff814ba0000 	/usr/lib/system/libsystem_coreservices.dylib
0x00007ff80c784000 	/usr/lib/system/libsystem_darwin.dylib
0x00007ff814ec1000 	/usr/lib/system/libsystem_dnssd.dylib
0x00007ff80a01c000 	/usr/lib/system/libsystem_featureflags.dylib
0x00007ff80a170000 	/usr/lib/system/libsystem_info.dylib
0x00007ff814e01000 	/usr/lib/system/libsystem_m.dylib
0x00007ff809f6f000 	/usr/lib/system/libsystem_malloc.dylib
0x00007ff80f05e000 	/usr/lib/system/libsystem_networkextension.dylib
0x00007ff80cbac000 	/usr/lib/system/libsystem_notify.dylib
0x00007ff81b03e000 	/usr/lib/system/libsystem_product_info_filter.dylib
0x00007ff81379b000 	/usr/lib/system/libsystem_sandbox.dylib
0x00007ff814ebb000 	/usr/lib/system/libsystem_secinit.dylib
0x00007ff80a117000 	/usr/lib/system/libsystem_kernel.dylib
0x00007ff80a166000 	/usr/lib/system/libsystem_platform.dylib
0x00007ff80a14e000 	/usr/lib/system/libsystem_pthread.dylib
0x00007ff810919000 	/usr/lib/system/libsystem_symptoms.dylib
0x00007ff809ec3000 	/usr/lib/system/libsystem_trace.dylib
0x00007ff814e91000 	/usr/lib/system/libunwind.dylib
0x00007ff809e8c000 	/usr/lib/system/libxpc.dylib
0x00007ff80a101000 	/usr/lib/libc++abi.dylib
0x00007ff814e9c000 	/usr/lib/liboah.dylib
0x00007ff815629000 	/usr/lib/liblzma.5.dylib
0x00007ff80ad32000 	/System/Library/Frameworks/SystemConfiguration.framework/Versions/A/SystemConfiguration
0x00007ff814ed0000 	/usr/lib/libfakelink.dylib
0x00007ff80ebc7000 	/System/Library/Frameworks/CFNetwork.framework/Versions/A/CFNetwork
0x00007ff81500f000 	/usr/lib/libarchive.2.dylib
0x00007ff8137a2000 	/System/Library/PrivateFrameworks/AppleSystemInfo.framework/Versions/A/AppleSystemInfo
0x00007ff814516000 	/usr/lib/libbsm.0.dylib
0x00007ff80e1fd000 	/usr/lib/libnetwork.dylib
0x00007ff814e69000 	/usr/lib/system/libkxld.dylib
0x00007ff814144000 	/System/Library/PrivateFrameworks/IOMobileFramebuffer.framework/Versions/A/IOMobileFramebuffer
0x00007ffb1fc37000 	/usr/lib/libCoreEntitlements.dylib
0x00007ff814b82000 	/System/Library/PrivateFrameworks/AppleFSCompression.framework/Versions/A/AppleFSCompression
0x00007ff8144fe000 	/usr/lib/libcoretls.dylib
0x00007ff815643000 	/usr/lib/libcoretls_cfhelpers.dylib
0x00007ff815153000 	/usr/lib/libpam.2.dylib
0x00007ff81053b000 	/usr/lib/libsqlite3.dylib
0x00007ff8156b2000 	/usr/lib/libxar.1.dylib
0x00007ff814b92000 	/usr/lib/libbz2.1.0.dylib
0x00007ff814ed5000 	/usr/lib/libpcap.A.dylib
0x00007ff810910000 	/usr/lib/libdns_services.dylib
0x00007ff815122000 	/usr/lib/libapple_nghttp2.dylib
0x00007ff814f0c000 	/usr/lib/libiconv.2.dylib
0x00007ff814e62000 	/usr/lib/libcharset.1.dylib
0x00007ff811837000 	/System/Library/Frameworks/CoreServices.framework/Versions/A/Frameworks/FSEvents.framework/Versions/A/FSEvents
0x00007ff80c78e000 	/System/Library/Frameworks/CoreServices.framework/Versions/A/Frameworks/CarbonCore.framework/Versions/A/CarbonCore
0x00007ff810b53000 	/System/Library/Frameworks/CoreServices.framework/Versions/A/Frameworks/Metadata.framework/Versions/A/Metadata
0x00007ff814ba5000 	/System/Library/Frameworks/CoreServices.framework/Versions/A/Frameworks/OSServices.framework/Versions/A/OSServices
0x00007ff815096000 	/System/Library/Frameworks/CoreServices.framework/Versions/A/Frameworks/SearchKit.framework/Versions/A/SearchKit
0x00007ff8108a2000 	/System/Library/Frameworks/CoreServices.framework/Versions/A/Frameworks/AE.framework/Versions/A/AE
0x00007ff80a69e000 	/System/Library/Frameworks/CoreServices.framework/Versions/A/Frameworks/LaunchServices.framework/Versions/A/LaunchServices
0x00007ff8155da000 	/System/Library/Frameworks/CoreServices.framework/Versions/A/Frameworks/DictionaryServices.framework/Versions/A/DictionaryServices
0x00007ff811844000 	/System/Library/Frameworks/CoreServices.framework/Versions/A/Frameworks/SharedFileList.framework/Versions/A/SharedFileList
0x00007ff8144f2000 	/usr/lib/libCheckFix.dylib
0x00007ff80f0d8000 	/System/Library/PrivateFrameworks/TCC.framework/Versions/A/TCC
0x00007ff8137a8000 	/System/Library/PrivateFrameworks/CoreNLP.framework/Versions/A/CoreNLP
0x00007ff810b03000 	/System/Library/PrivateFrameworks/MetadataUtilities.framework/Versions/A/MetadataUtilities
0x00007ff80ade2000 	/usr/lib/libmecabra.dylib
0x00007ff814526000 	/usr/lib/libmecab.dylib
0x00007ff80adad000 	/usr/lib/libCRFSuite.dylib
0x00007ff814583000 	/usr/lib/libgermantok.dylib
0x00007ff8150fd000 	/usr/lib/libThaiTokenizer.dylib
0x00007ff810bf5000 	/System/Library/Frameworks/Accelerate.framework/Versions/A/Frameworks/vImage.framework/Versions/A/vImage
0x00007ff81b140000 	/System/Library/Frameworks/Accelerate.framework/Versions/A/Frameworks/vecLib.framework/Versions/A/vecLib
0x00007ff8156f3000 	/System/Library/Frameworks/Accelerate.framework/Versions/A/Frameworks/vecLib.framework/Versions/A/libvMisc.dylib
0x00007ff813f62000 	/System/Library/Frameworks/Accelerate.framework/Versions/A/Frameworks/vecLib.framework/Versions/A/libvDSP.dylib
0x00007ff80aa16000 	/System/Library/Frameworks/Accelerate.framework/Versions/A/Frameworks/vecLib.framework/Versions/A/libBLAS.dylib
0x00007ff815234000 	/System/Library/Frameworks/Accelerate.framework/Versions/A/Frameworks/vecLib.framework/Versions/A/libLAPACK.dylib
0x00007ff814586000 	/System/Library/Frameworks/Accelerate.framework/Versions/A/Frameworks/vecLib.framework/Versions/A/libLinearAlgebra.dylib
0x00007ff81513b000 	/System/Library/Frameworks/Accelerate.framework/Versions/A/Frameworks/vecLib.framework/Versions/A/libSparseBLAS.dylib
0x00007ff81522e000 	/System/Library/Frameworks/Accelerate.framework/Versions/A/Frameworks/vecLib.framework/Versions/A/libQuadrature.dylib
0x00007ff813892000 	/System/Library/Frameworks/Accelerate.framework/Versions/A/Frameworks/vecLib.framework/Versions/A/libBNNS.dylib
0x00007ff80acc3000 	/System/Library/Frameworks/Accelerate.framework/Versions/A/Frameworks/vecLib.framework/Versions/A/libSparse.dylib
0x00007ff81388b000 	/System/Library/PrivateFrameworks/LinguisticData.framework/Versions/A/LinguisticData
0x00007ff80ac78000 	/System/Library/PrivateFrameworks/Lexicon.framework/Versions/A/Lexicon
0x00007ff8156ec000 	/usr/lib/libChineseTokenizer.dylib
0x00007ff80b3dc000 	/System/Library/PrivateFrameworks/LanguageModeling.framework/Versions/A/LanguageModeling
0x00007ff8150ff000 	/System/Library/PrivateFrameworks/AppleSauce.framework/Versions/A/AppleSauce
0x00007ff814132000 	/System/Library/PrivateFrameworks/CoreEmoji.framework/Versions/A/CoreEmoji
0x00007ff814ffe000 	/usr/lib/libcmph.dylib
0x00007ff81181b000 	/System/Library/Frameworks/OpenDirectory.framework/Versions/A/Frameworks/CFOpenDirectory.framework/Versions/A/CFOpenDirectory
0x00007ff81180f000 	/System/Library/Frameworks/OpenDirectory.framework/Versions/A/OpenDirectory
0x00007ff815645000 	/System/Library/PrivateFrameworks/APFS.framework/Versions/A/APFS
0x00007ff814453000 	/System/Library/Frameworks/SecurityFoundation.framework/Versions/A/SecurityFoundation
0x00007ff8156c0000 	/usr/lib/libutil.dylib
0x00007ff80cab9000 	/System/Library/PrivateFrameworks/CoreServicesStore.framework/Versions/A/CoreServicesStore
0x00007ff8156c4000 	/usr/lib/libxslt.1.dylib
0x00007ff8144e0000 	/System/Library/PrivateFrameworks/BackgroundTaskManagement.framework/Versions/A/BackgroundTaskManagement
0x00007ff816b34000 	/System/Library/Frameworks/ImageIO.framework/Versions/A/Resources/libRadiance.dylib
0x00007ff816b3d000 	/System/Library/Frameworks/ImageIO.framework/Versions/A/Resources/libJPEG.dylib
0x00007ff816a8d000 	/System/Library/Frameworks/ImageIO.framework/Versions/A/Resources/libPng.dylib
0x00007ff816aae000 	/System/Library/Frameworks/ImageIO.framework/Versions/A/Resources/libTIFF.dylib
0x00007ff816b9d000 	/System/Library/Frameworks/ImageIO.framework/Versions/A/Resources/libGIF.dylib
0x00007ff8163be000 	/System/Library/Frameworks/ImageIO.framework/Versions/A/Resources/libJP2.dylib
0x00007ff815b00000 	/usr/lib/libexpat.1.dylib
0x00007ff816373000 	/System/Library/PrivateFrameworks/AppleJPEG.framework/Versions/A/AppleJPEG
0x00007ff812ce7000 	/System/Library/PrivateFrameworks/FontServices.framework/libFontParser.dylib
0x00007ff81084c000 	/System/Library/PrivateFrameworks/RunningBoardServices.framework/Versions/A/RunningBoardServices
0x00007ff821315000 	/System/Library/PrivateFrameworks/IOSurfaceAccelerator.framework/Versions/A/IOSurfaceAccelerator
0x00007ff8164a1000 	/System/Library/PrivateFrameworks/WatchdogClient.framework/Versions/A/WatchdogClient
0x00007ff80b4cb000 	/System/Library/Frameworks/CoreDisplay.framework/Versions/A/CoreDisplay
0x00007ff812be6000 	/System/Library/Frameworks/CoreMedia.framework/Versions/A/CoreMedia
0x00007ff812a83000 	/System/Library/PrivateFrameworks/IOAccelerator.framework/Versions/A/IOAccelerator
0x00007ff811997000 	/System/Library/Frameworks/CoreVideo.framework/Versions/A/CoreVideo
0x00007ff815151000 	/System/Library/Frameworks/MetalPerformanceShaders.framework/Versions/A/MetalPerformanceShaders
0x00007ff8164dc000 	/System/Library/Frameworks/VideoToolbox.framework/Versions/A/VideoToolbox
0x00007ff810794000 	/System/Library/PrivateFrameworks/BaseBoard.framework/Versions/A/BaseBoard
0x00007ff810521000 	/System/Library/PrivateFrameworks/ProtocolBuffer.framework/Versions/A/ProtocolBuffer
0x00007ff816b2d000 	/System/Library/PrivateFrameworks/GPUWrangler.framework/Versions/A/GPUWrangler
0x00007ff816b10000 	/System/Library/PrivateFrameworks/IOPresentment.framework/Versions/A/IOPresentment
0x00007ff816b37000 	/System/Library/PrivateFrameworks/DSExternalDisplay.framework/Versions/A/DSExternalDisplay
0x00007ffa21e06000 	/System/Library/Frameworks/OpenGL.framework/Versions/A/Libraries/libCoreFSCache.dylib
0x00007ffb0dea7000 	/System/Library/PrivateFrameworks/GPUCompiler.framework/Versions/31001/Libraries/libGPUCompilerUtils.dylib
0x00007ff816ba2000 	/System/Library/PrivateFrameworks/CMCaptureCore.framework/Versions/A/CMCaptureCore
0x00007ff8160ac000 	/System/Library/PrivateFrameworks/AppServerSupport.framework/Versions/A/AppServerSupport
0x00007ff818289000 	/System/Library/PrivateFrameworks/perfdata.framework/Versions/A/perfdata
0x00007ff80b5f7000 	/System/Library/PrivateFrameworks/AudioToolboxCore.framework/Versions/A/AudioToolboxCore
0x00007ff812bc3000 	/System/Library/PrivateFrameworks/caulk.framework/Versions/A/caulk
0x00007ff817bad000 	/usr/lib/libAudioStatistics.dylib
0x00007ff90eed0000 	/System/Library/PrivateFrameworks/SystemPolicy.framework/Versions/A/SystemPolicy
0x00007ff817e02000 	/usr/lib/libSMC.dylib
0x00007ff820c4c000 	/System/Library/Frameworks/CoreMIDI.framework/Versions/A/CoreMIDI
0x00007ff816a5d000 	/usr/lib/libAudioToolboxUtility.dylib
0x00007ff90b2e2000 	/System/Library/PrivateFrameworks/OSAServicesClient.framework/Versions/A/OSAServicesClient
0x00007ff818296000 	/usr/lib/libperfcheck.dylib
0x00007ff90f962000 	/usr/lib/libmis.dylib
0x00007ffa21e62000 	/System/Library/Frameworks/OpenGL.framework/Versions/A/Libraries/libGLU.dylib
0x00007ffa21e25000 	/System/Library/Frameworks/OpenGL.framework/Versions/A/Libraries/libGFXShared.dylib
0x00007ffa22033000 	/System/Library/Frameworks/OpenGL.framework/Versions/A/Libraries/libGL.dylib
0x00007ffa21e2e000 	/System/Library/Frameworks/OpenGL.framework/Versions/A/Libraries/libGLImage.dylib
0x00007ffa21e22000 	/System/Library/Frameworks/OpenGL.framework/Versions/A/Libraries/libCVMSPluginSupport.dylib
0x00007ffa21e0d000 	/System/Library/Frameworks/OpenGL.framework/Versions/A/Libraries/libCoreVMClient.dylib
0x00007ff813726000 	/System/Library/Frameworks/MetalPerformanceShaders.framework/Versions/A/Frameworks/MPSCore.framework/Versions/A/MPSCore
0x00007ff814aed000 	/System/Library/Frameworks/MetalPerformanceShaders.framework/Versions/A/Frameworks/MPSImage.framework/Versions/A/MPSImage
0x00007ff81459c000 	/System/Library/Frameworks/MetalPerformanceShaders.framework/Versions/A/Frameworks/MPSNeuralNetwork.framework/Versions/A/MPSNeuralNetwork
0x00007ff814a11000 	/System/Library/Frameworks/MetalPerformanceShaders.framework/Versions/A/Frameworks/MPSMatrix.framework/Versions/A/MPSMatrix
0x00007ff8147cd000 	/System/Library/Frameworks/MetalPerformanceShaders.framework/Versions/A/Frameworks/MPSRayIntersector.framework/Versions/A/MPSRayIntersector
0x00007ff814a4a000 	/System/Library/Frameworks/MetalPerformanceShaders.framework/Versions/A/Frameworks/MPSNDArray.framework/Versions/A/MPSNDArray
0x00007ffa26a27000 	/System/Library/Frameworks/MetalPerformanceShaders.framework/Versions/A/Frameworks/MPSFunctions.framework/Versions/A/MPSFunctions
0x00007ff80a8f9000 	/System/Library/PrivateFrameworks/MetalTools.framework/Versions/A/MetalTools
0x00007ff8137a0000 	/System/Library/PrivateFrameworks/AggregateDictionary.framework/Versions/A/AggregateDictionary
0x00007ff8158e2000 	/usr/lib/libIOReport.dylib
0x00007ffa23442000 	/System/Library/Frameworks/OpenCL.framework/Versions/A/OpenCL
0x00007ff815c46000 	/System/Library/PrivateFrameworks/FaceCore.framework/Versions/A/FaceCore
0x00007ff815c37000 	/System/Library/PrivateFrameworks/GraphVisualizer.framework/Versions/A/GraphVisualizer
0x00007ffb0ddb2000 	/System/Library/PrivateFrameworks/FontServices.framework/Versions/A/FontServices
0x00007ff816063000 	/System/Library/PrivateFrameworks/OTSVG.framework/Versions/A/OTSVG
0x00007ff81157f000 	/System/Library/Frameworks/ApplicationServices.framework/Versions/A/Frameworks/ATS.framework/Versions/A/Resources/libFontRegistry.dylib
0x00007ff8160b4000 	/System/Library/PrivateFrameworks/FontServices.framework/libhvf.dylib
0x00007ffb0ddb3000 	/System/Library/PrivateFrameworks/FontServices.framework/libXTFontStaticRegistryData.dylib
0x00007ff815ab0000 	/System/Library/PrivateFrameworks/AppleVA.framework/Versions/A/AppleVA
0x00007ff817bd1000 	/System/Library/Frameworks/ApplicationServices.framework/Versions/A/Frameworks/ATS.framework/Versions/A/ATS
0x00007ff80fc4f000 	/System/Library/Frameworks/ApplicationServices.framework/Versions/A/Frameworks/HIServices.framework/Versions/A/HIServices
0x00007ff816bac000 	/System/Library/Frameworks/ApplicationServices.framework/Versions/A/Frameworks/PrintCore.framework/Versions/A/PrintCore
0x00007ff817f55000 	/System/Library/Frameworks/ApplicationServices.framework/Versions/A/Frameworks/QD.framework/Versions/A/QD
0x00007ff817f4d000 	/System/Library/Frameworks/ApplicationServices.framework/Versions/A/Frameworks/ColorSyncLegacy.framework/Versions/A/ColorSyncLegacy
0x00007ff817bc1000 	/System/Library/Frameworks/ApplicationServices.framework/Versions/A/Frameworks/SpeechSynthesis.framework/Versions/A/SpeechSynthesis
0x00007ff816b6d000 	/System/Library/Frameworks/ApplicationServices.framework/Versions/A/Frameworks/ATSUI.framework/Versions/A/ATSUI
0x00007ff817ee2000 	/usr/lib/libcups.2.dylib
0x00007ff8182a5000 	/System/Library/Frameworks/Kerberos.framework/Versions/A/Kerberos
0x00007ff8182b4000 	/System/Library/Frameworks/GSS.framework/Versions/A/GSS
0x00007ff817c3d000 	/usr/lib/libresolv.9.dylib
0x00007ff8160c3000 	/System/Library/PrivateFrameworks/Heimdal.framework/Versions/A/Heimdal
0x00007ff81eda2000 	/System/Library/Frameworks/Kerberos.framework/Versions/A/Libraries/libHeimdalProxy.dylib
0x00007ff810921000 	/System/Library/Frameworks/Network.framework/Versions/A/Network
0x00007ff815b1a000 	/usr/lib/libheimdal-asn1.dylib
0x00007ff818300000 	/System/Library/PrivateFrameworks/CommonAuth.framework/Versions/A/CommonAuth
0x00007ff817b3e000 	/System/Library/PrivateFrameworks/AudioSession.framework/Versions/A/AudioSession
0x00007ff815baa000 	/System/Library/PrivateFrameworks/MediaExperience.framework/Versions/A/MediaExperience
0x00007ff8179d2000 	/System/Library/PrivateFrameworks/AudioSession.framework/libSessionUtility.dylib
0x00007ff817f61000 	/System/Library/PrivateFrameworks/AudioResourceArbitration.framework/Versions/A/AudioResourceArbitration
0x00007ff81bf53000 	/System/Library/PrivateFrameworks/PowerLog.framework/Versions/A/PowerLog
0x00007ff815b23000 	/System/Library/PrivateFrameworks/IconFoundation.framework/Versions/A/IconFoundation
0x00007ff81ad6d000 	/System/Library/PrivateFrameworks/SpeechRecognitionCore.framework/Versions/A/SpeechRecognitionCore
0x00000001087c3000 	/Library/Java/JavaVirtualMachines/jdk-11.0.11.jdk/Contents/Home/lib/server/libjvm.dylib
0x0000000107a62000 	/Library/Java/JavaVirtualMachines/jdk-11.0.11.jdk/Contents/Home/lib/libverify.dylib
0x0000000107a9e000 	/Library/Java/JavaVirtualMachines/jdk-11.0.11.jdk/Contents/Home/lib/libjava.dylib
0x0000000107a72000 	/Library/Java/JavaVirtualMachines/jdk-11.0.11.jdk/Contents/Home/lib/libjimage.dylib
0x0000000107a8d000 	/Library/Java/JavaVirtualMachines/jdk-11.0.11.jdk/Contents/Home/lib/libinstrument.dylib
0x0000000107b0a000 	/Library/Java/JavaVirtualMachines/jdk-11.0.11.jdk/Contents/Home/lib/libzip.dylib
0x0000000108554000 	/Library/Java/JavaVirtualMachines/jdk-11.0.11.jdk/Contents/Home/lib/libnio.dylib
0x000000010857f000 	/Library/Java/JavaVirtualMachines/jdk-11.0.11.jdk/Contents/Home/lib/libnet.dylib
0x0000000108549000 	/Library/Java/JavaVirtualMachines/jdk-11.0.11.jdk/Contents/Home/lib/libextnet.dylib
0x0000000108572000 	/Users/li/Documents/javafx-sdk-11/lib/libprism_es2.dylib
0x00007ff80ca7a000 	/System/Library/PrivateFrameworks/CoreServicesInternal.framework/Versions/A/CoreServicesInternal
0x00007ffa2203e000 	/System/Library/Frameworks/OpenGL.framework/Versions/A/Resources/GLEngine.bundle/GLEngine
0x00007ffa21ea0000 	/System/Library/Frameworks/OpenGL.framework/Versions/A/Libraries/libGLProgrammability.dylib
0x00007ffa16266000 	/System/Library/Extensions/AppleIntelKBLGraphicsGLDriver.bundle/Contents/MacOS/AppleIntelKBLGraphicsGLDriver
0x00007ff919846000 	/System/Library/PrivateFrameworks/GPUSupport.framework/Versions/A/Libraries/libGPUSupportMercury.dylib
0x00007ffa221cd000 	/System/Library/Frameworks/OpenGL.framework/Versions/A/Resources/GLRendererFloat.bundle/GLRendererFloat
0x000000010ad65000 	/Users/li/Documents/javafx-sdk-11/lib/libglass.dylib
0x00007ff81c544000 	/System/Library/Frameworks/FileProvider.framework/Versions/A/FileProvider
0x00007ff810700000 	/System/Library/Frameworks/Accounts.framework/Versions/A/Accounts
0x00007ff81c6bc000 	/System/Library/PrivateFrameworks/GenerationalStorage.framework/Versions/A/GenerationalStorage
0x00007ff81d1ce000 	/System/Library/PrivateFrameworks/CoreSymbolication.framework/Versions/A/CoreSymbolication
0x00007ff81bf48000 	/System/Library/PrivateFrameworks/SymptomDiagnosticReporter.framework/Versions/A/SymptomDiagnosticReporter
0x00007ff80dd3e000 	/System/Library/PrivateFrameworks/DesktopServicesPriv.framework/Versions/A/DesktopServicesPriv
0x00007ff80cbbb000 	/usr/lib/libsandbox.1.dylib
0x00007ff811a16000 	/System/Library/PrivateFrameworks/UserManagement.framework/Versions/A/UserManagement
0x00007ff81d193000 	/System/Library/PrivateFrameworks/DebugSymbols.framework/Versions/A/DebugSymbols
0x00007ff817f42000 	/System/Library/PrivateFrameworks/NetAuth.framework/Versions/A/NetAuth
0x00007ff818e31000 	/System/Library/PrivateFrameworks/Sharing.framework/Versions/A/Sharing
0x00007ff8119e9000 	/System/Library/PrivateFrameworks/login.framework/Versions/A/Frameworks/loginsupport.framework/Versions/A/loginsupport
0x00007ff81e2d4000 	/System/Library/PrivateFrameworks/Apple80211.framework/Versions/A/Apple80211
0x00007ff814bd2000 	/System/Library/PrivateFrameworks/AuthKit.framework/Versions/A/AuthKit
0x00007ff814228000 	/System/Library/PrivateFrameworks/CoreUtils.framework/Versions/A/CoreUtils
0x00007ff81414f000 	/System/Library/Frameworks/CoreWLAN.framework/Versions/A/CoreWLAN
0x00007ff818f8c000 	/System/Library/Frameworks/IOBluetooth.framework/Versions/A/IOBluetooth
0x00007ff81e33c000 	/System/Library/PrivateFrameworks/CoreWiFi.framework/Versions/A/CoreWiFi
0x00007ff81cd68000 	/System/Library/PrivateFrameworks/FrontBoardServices.framework/Versions/A/FrontBoardServices
0x00007ff81cdfa000 	/System/Library/PrivateFrameworks/BoardServices.framework/Versions/A/BoardServices
0x00007ff814442000 	/System/Library/PrivateFrameworks/AssertionServices.framework/Versions/A/AssertionServices
0x00007ff81e4c0000 	/System/Library/PrivateFrameworks/BackBoardServices.framework/Versions/A/BackBoardServices
0x00007ff81838f000 	/System/Library/PrivateFrameworks/CorePhoneNumbers.framework/Versions/A/CorePhoneNumbers
0x00007ff81c065000 	/System/Library/PrivateFrameworks/DiskManagement.framework/Versions/A/DiskManagement
0x00007ff81bf79000 	/System/Library/PrivateFrameworks/AppleIDAuthSupport.framework/Versions/A/AppleIDAuthSupport
0x00007ffa289e0000 	/System/Library/PrivateFrameworks/AAAFoundation.framework/Versions/A/AAAFoundation
0x00007ff818370000 	/System/Library/PrivateFrameworks/KeychainCircle.framework/Versions/A/KeychainCircle
0x00007ff81c031000 	/System/Library/PrivateFrameworks/MediaKit.framework/Versions/A/MediaKit
0x00007ff81bf85000 	/System/Library/Frameworks/DiscRecording.framework/Versions/A/DiscRecording
0x00007ff815a28000 	/usr/lib/libCoreStorage.dylib
0x00007ff81e7af000 	/usr/lib/libcsfde.dylib
0x00007ff819059000 	/System/Library/PrivateFrameworks/ProtectedCloudStorage.framework/Versions/A/ProtectedCloudStorage
0x00007ff81e7ab000 	/System/Library/PrivateFrameworks/EFILogin.framework/Versions/A/EFILogin
0x00007ff81c6e2000 	/System/Library/PrivateFrameworks/OctagonTrust.framework/Versions/A/OctagonTrust
0x00007ffb0d0d4000 	/System/Library/PrivateFrameworks/CoreUtilsExtras.framework/Versions/A/CoreUtilsExtras
0x00007ff81bebb000 	/System/Library/Frameworks/CoreBluetooth.framework/Versions/A/CoreBluetooth
0x00007ff81ee27000 	/System/Library/Frameworks/AudioUnit.framework/Versions/A/AudioUnit
0x00007ff815a20000 	/usr/lib/libMatch.1.dylib
0x00007ff913dc6000 	/System/Library/Frameworks/Accelerate.framework/Versions/A/Frameworks/vImage.framework/Versions/A/Libraries/libCGInterfaces.dylib
0x000000012b378000 	/usr/lib/libobjc-trampolines.dylib
0x00007ff81170f000 	/System/Library/PrivateFrameworks/ViewBridge.framework/Versions/A/ViewBridge
0x000000012d644000 	/Users/li/Documents/javafx-sdk-11/lib/libjavafx_font.dylib
0x00007ff81617d000 	/System/Library/PrivateFrameworks/login.framework/Versions/A/login
0x00007ffb1fd49000 	/usr/lib/libRosetta.dylib
0x00007ff81b438000 	/System/Library/PrivateFrameworks/SystemAdministration.framework/Versions/A/SystemAdministration
0x00007ff816dd4000 	/System/Library/Frameworks/MediaToolbox.framework/Versions/A/MediaToolbox
0x00007ff81ad39000 	/System/Library/Frameworks/DirectoryService.framework/Versions/A/DirectoryService
0x00007ff81e64d000 	/System/Library/PrivateFrameworks/DiskImages.framework/Versions/A/DiskImages
0x00007ff8144ea000 	/System/Library/Frameworks/ServiceManagement.framework/Versions/A/ServiceManagement
0x00007ff81e827000 	/System/Library/PrivateFrameworks/LoginUIKit.framework/Versions/A/Frameworks/LoginUICore.framework/Versions/A/LoginUICore
0x00007ff81632b000 	/usr/lib/libodfde.dylib
0x00007ff81c514000 	/System/Library/PrivateFrameworks/CoreAVCHD.framework/Versions/A/CoreAVCHD
0x00007ff81b3fc000 	/System/Library/Frameworks/MediaAccessibility.framework/Versions/A/MediaAccessibility
0x00007ff81c510000 	/System/Library/PrivateFrameworks/Mangrove.framework/Versions/A/Mangrove
0x00007ff81b407000 	/System/Library/PrivateFrameworks/AlgosScoreFramework.framework/Versions/A/AlgosScoreFramework
0x00007ffb0a519000 	/System/Library/PrivateFrameworks/CMPhoto.framework/Versions/A/CMPhoto
0x00007ff81d069000 	/System/Library/PrivateFrameworks/AppleVPA.framework/Versions/A/AppleVPA
0x00007ff81c155000 	/System/Library/PrivateFrameworks/CoreAUC.framework/Versions/A/CoreAUC
0x00007ff81e7bb000 	/usr/lib/libcurl.4.dylib
0x00007ff81e518000 	/usr/lib/libcrypto.44.dylib
0x00007ff81e620000 	/usr/lib/libssl.46.dylib
0x00007ff81e4de000 	/System/Library/Frameworks/LDAP.framework/Versions/A/LDAP
0x00007ff81e516000 	/System/Library/PrivateFrameworks/TrustEvaluationAgent.framework/Versions/A/TrustEvaluationAgent
0x00007ff817c56000 	/usr/lib/libsasl2.2.dylib
0x00007ff81b42c000 	/System/Library/PrivateFrameworks/CoreDaemon.framework/Versions/B/CoreDaemon
0x00007ff81b427000 	/System/Library/PrivateFrameworks/AppleSRP.framework/Versions/A/AppleSRP
0x00007ff916519000 	/System/Library/CoreServices/RawCamera.bundle/Contents/MacOS/RawCamera
0x00007ff818310000 	/System/Library/PrivateFrameworks/MobileAsset.framework/Versions/A/MobileAsset
0x00007ff81ee4e000 	/System/Library/PrivateFrameworks/StreamingZip.framework/Versions/A/StreamingZip
0x0000000130eb8000 	/Library/Java/JavaVirtualMachines/jdk-11.0.11.jdk/Contents/Home/lib/libsunec.dylib


VM Arguments:
jvm_args: --module-path=/Users/li/Documents/javafx-sdk-11/lib --add-modules=javafx.controls,javafx.fxml --add-modules=javafx.base,javafx.graphics --add-reads=javafx.base=ALL-UNNAMED --add-reads=javafx.graphics=ALL-UNNAMED -javaagent:/Applications/IntelliJ IDEA.app/Contents/lib/idea_rt.jar=52233:/Applications/IntelliJ IDEA.app/Contents/bin -Dfile.encoding=UTF-8 
java_command: com.example.bank_system.Screen19Login
java_class_path (initial): /Users/li/Documents/bank_system/target/classes:/Users/li/Documents/mysql-connector-java-8.0.28/mysql-connector-java-8.0.28.jar:/Users/li/.m2/repository/org/openjfx/javafx-controls/11.0.2/javafx-controls-11.0.2.jar:/Users/li/.m2/repository/org/openjfx/javafx-controls/11.0.2/javafx-controls-11.0.2-mac.jar:/Users/li/.m2/repository/org/openjfx/javafx-graphics/11.0.2/javafx-graphics-11.0.2.jar:/Users/li/.m2/repository/org/openjfx/javafx-graphics/11.0.2/javafx-graphics-11.0.2-mac.jar:/Users/li/.m2/repository/org/openjfx/javafx-base/11.0.2/javafx-base-11.0.2.jar:/Users/li/.m2/repository/org/openjfx/javafx-base/11.0.2/javafx-base-11.0.2-mac.jar:/Users/li/.m2/repository/org/openjfx/javafx-fxml/11.0.2/javafx-fxml-11.0.2.jar:/Users/li/.m2/repository/org/openjfx/javafx-fxml/11.0.2/javafx-fxml-11.0.2-mac.jar:/Users/li/Documents/mysql-connector-java-8.0.28.jar
Launcher Type: SUN_STANDARD

[Global flags]
     intx CICompilerCount                          = 3                                         {product} {ergonomic}
     uint ConcGCThreads                            = 1                                         {product} {ergonomic}
     uint G1ConcRefinementThreads                  = 4                                         {product} {ergonomic}
   size_t G1HeapRegionSize                         = 1048576                                   {product} {ergonomic}
    uintx GCDrainStackTargetSize                   = 64                                        {product} {ergonomic}
   size_t InitialHeapSize                          = 134217728                                 {product} {ergonomic}
   size_t MarkStackSize                            = 4194304                                   {product} {ergonomic}
   size_t MaxHeapSize                              = 2147483648                                {product} {ergonomic}
   size_t MaxNewSize                               = 1287651328                                {product} {ergonomic}
   size_t MinHeapDeltaBytes                        = 1048576                                   {product} {ergonomic}
    uintx NonNMethodCodeHeapSize                   = 5830732                                {pd product} {ergonomic}
    uintx NonProfiledCodeHeapSize                  = 122913754                              {pd product} {ergonomic}
    uintx ProfiledCodeHeapSize                     = 122913754                              {pd product} {ergonomic}
    uintx ReservedCodeCacheSize                    = 251658240                              {pd product} {ergonomic}
     bool SegmentedCodeCache                       = true                                      {product} {ergonomic}
     bool UseCompressedClassPointers               = true                                 {lp64_product} {ergonomic}
     bool UseCompressedOops                        = true                                 {lp64_product} {ergonomic}
     bool UseG1GC                                  = true                                      {product} {ergonomic}

Logging:
Log output configuration:
 #0: stdout all=warning uptime,level,tags
 #1: stderr all=off uptime,level,tags

Environment Variables:
PATH=/Users/li/opt/miniconda3/bin:/Users/li/opt/miniconda3/condabin:/Library/Frameworks/Python.framework/Versions/3.9/bin:/usr/local/bin:/usr/bin:/bin:/usr/sbin:/sbin:/Library/Apple/usr/bin
SHELL=/bin/zsh

Signal Handlers:
SIGSEGV: [libjvm.dylib+0x796aba], sa_mask[0]=11111111011111110111111111111111, sa_flags=SA_ONSTACK|SA_RESTART|SA_SIGINFO
SIGBUS: [libjvm.dylib+0x796aba], sa_mask[0]=11111111011111110111111111111111, sa_flags=SA_RESTART|SA_SIGINFO
SIGFPE: [libjvm.dylib+0x796aba], sa_mask[0]=11111111011111110111111111111111, sa_flags=SA_RESTART|SA_SIGINFO
SIGPIPE: [libjvm.dylib+0x6487c0], sa_mask[0]=11111111011111110111111111111111, sa_flags=SA_RESTART|SA_SIGINFO
SIGXFSZ: [libjvm.dylib+0x6487c0], sa_mask[0]=11111111011111110111111111111111, sa_flags=SA_RESTART|SA_SIGINFO
SIGILL: [libjvm.dylib+0x796aba], sa_mask[0]=11111111011111110111111111111111, sa_flags=SA_RESTART|SA_SIGINFO
SIGUSR2: [libjvm.dylib+0x648d94], sa_mask[0]=00100000000000000000000000000000, sa_flags=SA_RESTART|SA_SIGINFO
SIGHUP: [libjvm.dylib+0x647855], sa_mask[0]=11111111011111110111111111111111, sa_flags=SA_RESTART|SA_SIGINFO
SIGINT: [libjvm.dylib+0x647855], sa_mask[0]=11111111011111110111111111111111, sa_flags=SA_RESTART|SA_SIGINFO
SIGTERM: [libjvm.dylib+0x647855], sa_mask[0]=11111111011111110111111111111111, sa_flags=SA_RESTART|SA_SIGINFO
SIGQUIT: [libjvm.dylib+0x647855], sa_mask[0]=11111111011111110111111111111111, sa_flags=SA_RESTART|SA_SIGINFO


---------------  S Y S T E M  ---------------

OS:uname:Darwin 21.3.0 Darwin Kernel Version 21.3.0: Wed Jan  5 21:37:58 PST 2022; root:xnu-8019.80.24~20/RELEASE_X86_64 x86_64
rlimit: STACK 8192k, CORE 0k, NPROC 1392, NOFILE 10240, AS infinity, DATA infinity, FSIZE infinity
load average:2.11 2.61 3.05

CPU:total 4 (initial active 4) (2 cores per cpu, 2 threads per core) family 6 model 142 stepping 9 microcode 0xec, cmov, cx8, fxsr, mmx, sse, sse2, sse3, ssse3, sse4.1, sse4.2, popcnt, avx, avx2, aes, clmul, erms, 3dnowpref, lzcnt, ht, tsc, tscinvbit, bmi1, bmi2, adx, fma

Memory: 4k page, physical 8388608k(16436k free)

vm_info: Java HotSpot(TM) 64-Bit Server VM (11.0.11+9-LTS-194) for bsd-amd64 JRE (11.0.11+9-LTS-194), built on Mar 18 2021 18:02:06 by "mach5one" with gcc 4.2.1 Compatible Apple LLVM 11.0.0 (clang-1100.0.33.17)

END.
